<?xml version="1.0" encoding="UTF-8"?>
<!-- Generated by org.testng.reporters.JUnitReportReporter -->
<testsuite hostname="DESKTOP-09MA7U4" failures="0" tests="2" name="TestClasses.VerifyUserCanAddFundToAccount" time="50.387" errors="0" timestamp="2022-06-07T16:01:16 IST" skipped="0">
  <testcase classname="TestClasses.VerifyUserCanAddFundToAccount" name="verifyUserCanLogin" time="18.239"/>
  <system-out/>
  <testcase classname="TestClasses.VerifyUserCanAddFundToAccount" name="veridyUserCanOpenFundWindowOnClikingFundButton" time="32.148"/>
  <system-out/>
</testsuite> <!-- TestClasses.VerifyUserCanAddFundToAccount -->
